Build started 3/21/2016 3:45:55 PM.
     1>Project "d:\Users\user-pc\documents\visual studio 2013\Projects\SmartGlove\SmartGlove\SmartGlove.vcxproj" on node 2 (Build target(s)).
     1>ClCompile:
         C:\Program Files (x86)\Microsoft Visual Studio 12.0\VC\bin\CL.exe /c /Zi /nologo /W3 /WX- /sdl /O2 /Oi /Oy- /GL /D _MBCS /Gm- /EHsc /MD /GS /Gy /fp:precise /Zc:wchar_t /Zc:forScope /Fo"Release\\" /Fd"Release\vc120.pdb" /Gd /TP /analyze- /errorReport:prompt Interpreter.cpp Traffic.cpp
         Interpreter.cpp
     1>Interpreter.cpp(166): error C2059: syntax error : ')'
     1>Interpreter.cpp(167): error C2143: syntax error : missing ';' before '{'
         Traffic.cpp
     1>Done Building Project "d:\Users\user-pc\documents\visual studio 2013\Projects\SmartGlove\SmartGlove\SmartGlove.vcxproj" (Build target(s)) -- FAILED.

Build FAILED.

Time Elapsed 00:00:01.39
